#
# A fatal error has been detected by the Java Runtime Environment:
#
#  EXCEPTION_ACCESS_VIOLATION (0xc0000005) at pc=0x00007ffe5bc69456, pid=1088, tid=5884
#
# JRE version: OpenJDK Runtime Environment Temurin-17.0.8+7 (17.0.8+7) (build 17.0.8+7)
# Java VM: OpenJDK 64-Bit Server VM Temurin-17.0.8+7 (17.0.8+7, mixed mode, emulated-client, tiered, compressed oops, compressed class ptrs, g1 gc, windows-amd64)
# Problematic frame:
# V  [jvm.dll+0x389456]
#
# No core dump will be written. Minidumps are not enabled by default on client versions of Windows
#
# If you would like to submit a bug report, please visit:
#   https://github.com/adoptium/adoptium-support/issues
#

---------------  S U M M A R Y ------------

Command Line: -Dcom.sun.management.jmxremote -Dcom.sun.management.jmxremote.port=53624 -Dcom.sun.management.jmxremote.authenticate=false -Dcom.sun.management.jmxremote.ssl=false -Djava.rmi.server.hostname=localhost -Dspring.jmx.enabled=true -Dmanagement.endpoints.jmx.exposure.include=* -Dspring.application.admin.enabled=true -XX:TieredStopAtLevel=1 -Dspring.boot.project.name=backend -Dfile.encoding=UTF-8 -XX:+ShowCodeDetailsInExceptionMessages com.wellsfargo.training.ppb.PrestigePrimeBankApplication --spring.output.ansi.enabled=always

Host: Intel(R) Xeon(R) CPU E5-2698 v3 @ 2.30GHz, 2 cores, 7G,  Windows 10 , 64 bit Build 19041 (10.0.19041.1889)
Time: Sat Sep 23 08:29:46 2023 India Standard Time elapsed time: 46601.025230 seconds (0d 12h 56m 41s)

---------------  T H R E A D  ---------------

Current thread (0x0000028892dead40):  JavaThread "HikariPool-45 connection adder" daemon [_thread_in_vm, id=5884, stack(0x000000a97da00000,0x000000a97db00000)]

Stack: [0x000000a97da00000,0x000000a97db00000],  sp=0x000000a97daff650,  free space=1021k
Native frames: (J=compiled Java code, j=interpreted, Vv=VM code, C=native code)
V  [jvm.dll+0x389456]
V  [jvm.dll+0x678a32]
V  [jvm.dll+0x38a0ab]
V  [jvm.dll+0x38a337]
V  [jvm.dll+0x40fd61]
V  [jvm.dll+0x7ec09b]
V  [jvm.dll+0x7e64ca]
V  [jvm.dll+0x677955]
C  [ucrtbase.dll+0x21bb2]
C  [KERNEL32.DLL+0x17034]
C  [ntdll.dll+0x526a1]


siginfo: EXCEPTION_ACCESS_VIOLATION (0xc0000005), writing address 0x000000a97daf8650


Register to memory mapping:

RIP=0x00007ffe5bc69456 jvm.dll
RAX=0x0000000000000001 is an unknown value
RBX=0x000000a97daf8650 is pointing into the stack for thread: 0x0000028892dead40
RCX=0x0000000000001000 is an unknown value
RDX=0x0 is NULL
RSP=0x000000a97daff650 is pointing into the stack for thread: 0x0000028892dead40
RBP=0x000000a97daff750 is pointing into the stack for thread: 0x0000028892dead40
RSI=0x000000a97daff8f0 is pointing into the stack for thread: 0x0000028892dead40
RDI=0x0000028892dead40 is a thread
R8 =0x000000a97daff650 is pointing into the stack for thread: 0x0000028892dead40
R9 =0x0000028892dead40 is a thread
R10=0x000000a97daff820 is pointing into the stack for thread: 0x0000028892dead40
R11=0x000000a97daff9c0 is pointing into the stack for thread: 0x0000028892dead40
R12=0x000000a97daff9c0 is pointing into the stack for thread: 0x0000028892dead40
R13=0x000000a97daff820 is pointing into the stack for thread: 0x0000028892dead40
R14=0x0000028898152a50 points into unknown readable memory: 0x00000000841a18c8 | c8 18 1a 84 00 00 00 00
R15=0x000000000000000a is an unknown value


Registers:
RAX=0x0000000000000001, RBX=0x000000a97daf8650, RCX=0x0000000000001000, RDX=0x0000000000000000
RSP=0x000000a97daff650, RBP=0x000000a97daff750, RSI=0x000000a97daff8f0, RDI=0x0000028892dead40
R8 =0x000000a97daff650, R9 =0x0000028892dead40, R10=0x000000a97daff820, R11=0x000000a97daff9c0
R12=0x000000a97daff9c0, R13=0x000000a97daff820, R14=0x0000028898152a50, R15=0x000000000000000a
RIP=0x00007ffe5bc69456, EFLAGS=0x0000000000010206

Top of Stack: (sp=0x000000a97daff650)
0x000000a97daff650:   000000a97daff650 000000a97daff8f0
0x000000a97daff660:   000000a97daff830 0000028892dead40
0x000000a97daff670:   00000001000474c0 00007ffe5be3eb52
0x000000a97daff680:   00007ffe96eb0000 0000028898152a50
0x000000a97daff690:   0000000000000000 00007ffe96eb0000
0x000000a97daff6a0:   0000000000000000 000000a97ba7c000
0x000000a97daff6b0:   0000000000000000 00007ffe96f24b68
0x000000a97daff6c0:   000000a97daff710 0000000000000000
0x000000a97daff6d0:   0000028883655d00 00007ffe5bc2d186
0x000000a97daff6e0:   000000a97daff888 000000a97daff7d0
0x000000a97daff6f0:   0000000000000000 00007ffe96edb86b
0x000000a97daff700:   0000000000000006 00007ffe5be423fe
0x000000a97daff710:   000002888d044ba8 0000028892dead40
0x000000a97daff720:   0000000000000000 0000000000000000
0x000000a97daff730:   0000000000000000 0000028898152a50
0x000000a97daff740:   000002888d044ba8 000002888d044ba8 

Instructions: (pc=0x00007ffe5bc69456)
0x00007ffe5bc69356:   00 00 00 0b 00 00 00 c6 85 80 00 00 00 00 eb 6e
0x00007ffe5bc69366:   c7 85 88 00 00 00 06 00 00 00 c6 85 80 00 00 00
0x00007ffe5bc69376:   00 eb 5b c7 85 88 00 00 00 07 00 00 00 c6 85 80
0x00007ffe5bc69386:   00 00 00 00 eb 48 ba b5 00 00 00 48 8d 0d b0 ce
0x00007ffe5bc69396:   5d 00 e8 13 df eb ff e8 7e f2 2e 00 41 8b 14 24
0x00007ffe5bc693a6:   41 bf 63 00 00 00 44 89 bd 88 00 00 00 83 fa 0c
0x00007ffe5bc693b6:   74 0e 83 fa 0d 74 09 c6 85 80 00 00 00 00 eb 0e
0x00007ffe5bc693c6:   c6 85 80 00 00 00 01 44 89 bd 88 00 00 00 49 8b
0x00007ffe5bc693d6:   45 00 8b 48 28 c1 e9 03 f6 c1 01 75 0d 48 8b 46
0x00007ffe5bc693e6:   58 4c 8b 30 4c 89 75 e8 eb 07 48 89 5d f0 4c 8b
0x00007ffe5bc693f6:   f3 48 8d 8f b0 03 00 00 e8 7d 10 3d 00 e8 38 f3
0x00007ffe5bc69406:   2e 00 4c 8b c0 49 8b d5 48 8b cf 48 8b d8 e8 a7
0x00007ffe5bc69416:   3a 2e 00 84 c0 75 1d 4d 8b cd 48 8d 15 21 ce 5d
0x00007ffe5bc69426:   00 41 b8 90 01 00 00 48 8b cf e8 ab 6d f3 ff e9
0x00007ffe5bc69436:   6d 04 00 00 48 63 0d 1f b0 7f 00 33 d2 48 8b 05
0x00007ffe5bc69446:   06 fe 7f 00 48 f7 f1 48 83 f8 01 72 0c 48 2b d9
0x00007ffe5bc69456:   c6 03 00 48 83 e8 01 75 f4 33 c0 48 8b cf 48 89
0x00007ffe5bc69466:   44 24 60 b3 01 48 89 44 24 70 48 89 44 24 68 48
0x00007ffe5bc69476:   8b 07 ff 50 38 84 c0 75 24 4c 8d 0d 4a cd 5d 00
0x00007ffe5bc69486:   ba 3b 00 00 00 4c 8d 05 86 cd 5d 00 48 8d 0d af
0x00007ffe5bc69496:   cd 5d 00 e8 72 de eb ff e8 7d f1 2e 00 48 8b 07
0x00007ffe5bc694a6:   48 8b cf ff 90 a0 00 00 00 84 c0 75 24 4c 8d 0d
0x00007ffe5bc694b6:   be cd 5d 00 ba 3d 00 00 00 4c 8d 05 e2 cd 5d 00
0x00007ffe5bc694c6:   48 8d 0d 7b cd 5d 00 e8 3e de eb ff e8 49 f1 2e
0x00007ffe5bc694d6:   00 33 d2 4c 89 64 24 78 48 8b cf e8 fa 21 08 00
0x00007ffe5bc694e6:   4c 8b f8 c7 87 40 03 00 00 07 00 00 00 e8 48 06
0x00007ffe5bc694f6:   2e 00 48 8b 8f 48 03 00 00 84 cb 74 0b 0f b6 d3
0x00007ffe5bc69506:   48 8b cf e8 02 07 35 00 83 bf 34 03 00 00 00 c7
0x00007ffe5bc69516:   87 40 03 00 00 08 00 00 00 75 0a 8b 87 30 03 00
0x00007ffe5bc69526:   00 a8 0c 74 1d 0f b6 d3 48 8b cf e8 6a f7 45 00
0x00007ffe5bc69536:   48 83 7f 08 00 ba 00 00 00 00 0f b6 db 0f 45 da
0x00007ffe5bc69546:   eb 02 33 d2 49 8b 45 00 48 89 44 24 50 4d 85 f6 


Stack slot to memory mapping:
stack at sp + 0 slots: 0x000000a97daff650 is pointing into the stack for thread: 0x0000028892dead40
stack at sp + 1 slots: 0x000000a97daff8f0 is pointing into the stack for thread: 0x0000028892dead40
stack at sp + 2 slots: 0x000000a97daff830 is pointing into the stack for thread: 0x0000028892dead40
stack at sp + 3 slots: 0x0000028892dead40 is a thread
stack at sp + 4 slots: 0x00000001000474c0 is a pointer to class: 
java.lang.Thread {0x00000001000474c8}
 - instance size:     46
 - klass size:        80
 - access:            public synchronized 
 - state:             fully_initialized
 - name:              'java/lang/Thread'
 - super:             'java/lang/Object'
 - sub:               'com/sun/jna/internal/Cleaner$1'   'java/util/concurrent/ForkJoinWorkerThread'   'org/apache/tomcat/util/threads/TaskThread'   'org/springframework/boot/web/embedded/tomcat/TomcatWebServer$1'   (7 more klasses...)
 - arrays:            'java/lang/Thread'[]
 - methods:           Array<T>(0x000002888d043658)
 - method ordering:   Array<T>(0x000002888d000018)
 - default_methods:   Array<T>(0x0000000000000000)
 - local interfaces:  Array<T>(0x000002888d043200)
 - trans. interfaces: Array<T>(0x000002888d043200)
 - constants:         constant pool [610] {0x000002888d041d40} for 'java/lang/Thread' cache=0x000002888d141310
 - class loader data:  loader data: 0x00000288fe9d13f0 of 'bootstrap'
 - source file:       'Thread.java'
 - class annotations:       Array<T>(0x0000000000000000)
 - class type annotations:  Array<T>(0x0000000000000000)
 - field annotations:       Array<T>(0x000002888d0433d0)
 - field type annotations:  Array<T>(0x0000000000000000)
 - inner classes:     Array<T>(0x000002888d047118)
 - nest members:     Array<T>(0x000002888d047158)
 - permitted subclasses:     Array<T>(0x000002888d000028)
 - java mirror:       a 'java/lang/Class'{0x00000000803a0c00} = 'java/lang/Thread'
 - vtable length      17  (start addr: 0x0000000100047688)
 - itable length      5 (start addr: 0x0000000100047710)
 - ---- static fields (4 words):
 - private static 'threadInitNumber' 'I' @128 
 - private static 'threadSeqNumber' 'J' @120 
 - public static final 'MIN_PRIORITY' 'I' @132 
 - public static final 'NORM_PRIORITY' 'I' @136 
 - public static final 'MAX_PRIORITY' 'I' @140 
 - private static final 'EMPTY_STACK_TRACE' '[Ljava/lang/StackTraceElement;' @112 
 - private static volatile 'defaultUncaughtExceptionHandler' 'Ljava/lang/Thread$UncaughtExceptionHandler;' @116 
 - ---- non-static fields (89 words):
 - private 'priority' 'I' @12 
 - private 'eetop' 'J' @16 
 - private final 'stackSize' 'J' @24 
 - private final 'tid' 'J' @32 
 - private volatile 'threadStatus' 'I' @40 
 - private 'daemon' 'Z' @44 
 - private volatile 'interrupted' 'Z' @45 
 - private 'stillborn' 'Z' @46 
 - private volatile 'name' 'Ljava/lang/String;' @48 
 - private 'target' 'Ljava/lang/Runnable;' @52 
 - private 'group' 'Ljava/lang/ThreadGroup;' @56 
 - private 'contextClassLoader' 'Ljava/lang/ClassLoader;' @60 
 - private 'inheritedAccessControlContext' 'Ljava/security/AccessControlContext;' @64 
 - 'threadLocals' 'Ljava/lang/ThreadLocal$ThreadLocalMap;' @68 
 - 'inheritableThreadLocals' 'Ljava/lang/ThreadLocal$ThreadLocalMap;' @72 
 - volatile 'parkBlocker' 'Ljava/lang/Object;' @76 
 - private volatile 'blocker' 'Lsun/nio/ch/Interruptible;' @80 
 - private final 'blockerLock' 'Ljava/lang/Object;' @84 
 - private volatile 'uncaughtExceptionHandler' 'Ljava/lang/Thread$UncaughtExceptionHandler;' @88 
 - 'threadLocalRandomSeed' 'J' @224 
 - 'threadLocalRandomProbe' 'I' @232 
 - 'threadLocalRandomSecondarySeed' 'I' @236 
 - non-static oop maps: 48-88 
stack at sp + 5 slots: 0x00007ffe5be3eb52 jvm.dll
stack at sp + 6 slots: 0x00007ffe96eb0000 ntdll.dll
stack at sp + 7 slots: 0x0000028898152a50 points into unknown readable memory: 0x00000000841a18c8 | c8 18 1a 84 00 00 00 00


---------------  P R O C E S S  ---------------

Threads class SMR info:
_java_thread_list=0x0000028898344fc0, length=49, elements={
0x00000288feb596f0, 0x00000288feb5dd40, 0x00000288feb7e0a0, 0x00000288feb9a2b0,
0x00000288feb9bc80, 0x00000288feb9c640, 0x00000288feb9d000, 0x000002888c757ba0,
0x00000288feaf2fe0, 0x000002888c8db8f0, 0x00000288913b3fb0, 0x00000288913b4490,
0x0000028891574ce0, 0x0000028891703320, 0x000002889172d720, 0x0000028892de9900,
0x0000028892de89d0, 0x0000028892de7080, 0x0000028892de7aa0, 0x0000028892ded5c0,
0x0000028892de7fb0, 0x00000288936d4c40, 0x00000288936d28d0, 0x00000288936d5150,
0x00000288936d3d10, 0x00000288936d4730, 0x00000288936d5660, 0x00000288936d2de0,
0x00000288936d0560, 0x00000288936d4220, 0x00000288936d79d0, 0x00000288936d6080,
0x00000288936d6590, 0x00000288936d3800, 0x00000288936d0a70, 0x00000288936d0f80,
0x00000288936d1490, 0x00000288936d19a0, 0x0000028892dea320, 0x0000028892dec690,
0x0000028892deea00, 0x0000028892dec180, 0x0000028892decba0, 0x0000028892dea830,
0x0000028892de8ee0, 0x0000028892de84c0, 0x0000028892debc70, 0x0000028892dedfe0,
0x0000028892dead40
}

Java Threads: ( => current thread )
  0x00000288feb596f0 JavaThread "Reference Handler" daemon [_thread_blocked, id=1304, stack(0x000000a97c700000,0x000000a97c800000)]
  0x00000288feb5dd40 JavaThread "Finalizer" daemon [_thread_blocked, id=8096, stack(0x000000a97c800000,0x000000a97c900000)]
  0x00000288feb7e0a0 JavaThread "Signal Dispatcher" daemon [_thread_blocked, id=7800, stack(0x000000a97c900000,0x000000a97ca00000)]
  0x00000288feb9a2b0 JavaThread "Attach Listener" daemon [_thread_blocked, id=7996, stack(0x000000a97ca00000,0x000000a97cb00000)]
  0x00000288feb9bc80 JavaThread "Service Thread" daemon [_thread_blocked, id=6816, stack(0x000000a97cb00000,0x000000a97cc00000)]
  0x00000288feb9c640 JavaThread "Monitor Deflation Thread" daemon [_thread_blocked, id=428, stack(0x000000a97cc00000,0x000000a97cd00000)]
  0x00000288feb9d000 JavaThread "C1 CompilerThread0" daemon [_thread_blocked, id=6412, stack(0x000000a97cd00000,0x000000a97ce00000)]
  0x000002888c757ba0 JavaThread "Sweeper thread" daemon [_thread_blocked, id=7660, stack(0x000000a97ce00000,0x000000a97cf00000)]
  0x00000288feaf2fe0 JavaThread "Common-Cleaner" daemon [_thread_blocked, id=7328, stack(0x000000a97cf00000,0x000000a97d000000)]
  0x000002888c8db8f0 JavaThread "Notification Thread" daemon [_thread_blocked, id=7244, stack(0x000000a97d100000,0x000000a97d200000)]
  0x00000288913b3fb0 JavaThread "RMI TCP Accept-0" daemon [_thread_in_native, id=7924, stack(0x000000a97d300000,0x000000a97d400000)]
  0x00000288913b4490 JavaThread "RMI TCP Accept-53624" daemon [_thread_in_native, id=4724, stack(0x000000a97d400000,0x000000a97d500000)]
  0x0000028891574ce0 JavaThread "RMI TCP Accept-0" daemon [_thread_in_native, id=4308, stack(0x000000a97d500000,0x000000a97d600000)]
  0x0000028891703320 JavaThread "RMI Scheduler(0)" daemon [_thread_blocked, id=7288, stack(0x000000a97d900000,0x000000a97da00000)]
  0x000002889172d720 JavaThread "JNA Cleaner" daemon [_thread_blocked, id=6216, stack(0x000000a97e100000,0x000000a97e200000)]
  0x0000028892de9900 JavaThread "Live Reload Server" daemon [_thread_in_native, id=7240, stack(0x000000a97e600000,0x000000a97e700000)]
  0x0000028892de89d0 JavaThread "DestroyJavaVM" [_thread_blocked, id=7768, stack(0x000000a97c000000,0x000000a97c100000)]
  0x0000028892de7080 JavaThread "File Watcher" daemon [_thread_blocked, id=5648, stack(0x000000a97db00000,0x000000a97dc00000)]
  0x0000028892de7aa0 JavaThread "File Watcher" daemon [_thread_in_native, id=7860, stack(0x000000a97d800000,0x000000a97d900000)]
  0x0000028892ded5c0 JavaThread "File Watcher" daemon [_thread_blocked, id=7572, stack(0x000000a97bf00000,0x000000a97c000000)]
  0x0000028892de7fb0 JavaThread "File Watcher" daemon [_thread_blocked, id=2460, stack(0x000000a97d700000,0x000000a97d800000)]
  0x00000288936d4c40 JavaThread "File Watcher" daemon [_thread_blocked, id=412, stack(0x000000a97d000000,0x000000a97d100000)]
  0x00000288936d28d0 JavaThread "File Watcher" daemon [_thread_blocked, id=6596, stack(0x000000a97dc00000,0x000000a97dd00000)]
  0x00000288936d5150 JavaThread "File Watcher" daemon [_thread_blocked, id=7548, stack(0x000000a97dd00000,0x000000a97de00000)]
  0x00000288936d3d10 JavaThread "File Watcher" daemon [_thread_blocked, id=1996, stack(0x000000a97de00000,0x000000a97df00000)]
  0x00000288936d4730 JavaThread "File Watcher" daemon [_thread_blocked, id=3368, stack(0x000000a97df00000,0x000000a97e000000)]
  0x00000288936d5660 JavaThread "File Watcher" daemon [_thread_blocked, id=5168, stack(0x000000a97be00000,0x000000a97bf00000)]
  0x00000288936d2de0 JavaThread "File Watcher" daemon [_thread_blocked, id=7524, stack(0x000000a97e000000,0x000000a97e100000)]
  0x00000288936d0560 JavaThread "File Watcher" daemon [_thread_blocked, id=7012, stack(0x000000a97e200000,0x000000a97e300000)]
  0x00000288936d4220 JavaThread "File Watcher" daemon [_thread_blocked, id=6000, stack(0x000000a97e800000,0x000000a97e900000)]
  0x00000288936d79d0 JavaThread "Catalina-utility-1" [_thread_blocked, id=6648, stack(0x000000a97ea00000,0x000000a97eb00000)]
  0x00000288936d6080 JavaThread "Catalina-utility-2" [_thread_blocked, id=8064, stack(0x000000a97eb00000,0x000000a97ec00000)]
  0x00000288936d6590 JavaThread "container-13" [_thread_blocked, id=2004, stack(0x000000a97ec00000,0x000000a97ed00000)]
  0x00000288936d3800 JavaThread "HikariPool-45 housekeeper" daemon [_thread_blocked, id=6148, stack(0x000000a97ed00000,0x000000a97ee00000)]
  0x00000288936d0a70 JavaThread "File Watcher" daemon [_thread_blocked, id=6428, stack(0x000000a97f000000,0x000000a97f100000)]
  0x00000288936d0f80 JavaThread "http-nio-8083-exec-1" daemon [_thread_blocked, id=4668, stack(0x000000a97f100000,0x000000a97f200000)]
  0x00000288936d1490 JavaThread "http-nio-8083-exec-2" daemon [_thread_blocked, id=7612, stack(0x000000a97f200000,0x000000a97f300000)]
  0x00000288936d19a0 JavaThread "http-nio-8083-exec-3" daemon [_thread_blocked, id=6660, stack(0x000000a97f300000,0x000000a97f400000)]
  0x0000028892dea320 JavaThread "http-nio-8083-exec-4" daemon [_thread_blocked, id=6956, stack(0x000000a97f400000,0x000000a97f500000)]
  0x0000028892dec690 JavaThread "http-nio-8083-exec-5" daemon [_thread_blocked, id=1264, stack(0x000000a97f500000,0x000000a97f600000)]
  0x0000028892deea00 JavaThread "http-nio-8083-exec-6" daemon [_thread_blocked, id=4616, stack(0x000000a97f600000,0x000000a97f700000)]
  0x0000028892dec180 JavaThread "http-nio-8083-exec-7" daemon [_thread_blocked, id=7840, stack(0x000000a97f700000,0x000000a97f800000)]
  0x0000028892decba0 JavaThread "http-nio-8083-exec-8" daemon [_thread_blocked, id=3348, stack(0x000000a97f800000,0x000000a97f900000)]
  0x0000028892dea830 JavaThread "http-nio-8083-exec-9" daemon [_thread_blocked, id=7588, stack(0x000000a97fa00000,0x000000a97fb00000)]
  0x0000028892de8ee0 JavaThread "http-nio-8083-exec-10" daemon [_thread_blocked, id=1184, stack(0x000000a97fb00000,0x000000a97fc00000)]
  0x0000028892de84c0 JavaThread "http-nio-8083-Poller" daemon [_thread_in_native, id=8148, stack(0x000000a97fc00000,0x000000a97fd00000)]
  0x0000028892debc70 JavaThread "http-nio-8083-Acceptor" daemon [_thread_in_native, id=7480, stack(0x000000a97fd00000,0x000000a97fe00000)]
  0x0000028892dedfe0 JavaThread "HikariPool-45 connection closer" daemon [_thread_blocked, id=724, stack(0x000000a97bd00000,0x000000a97be00000)]
=>0x0000028892dead40 JavaThread "HikariPool-45 connection adder" daemon [_thread_in_vm, id=5884, stack(0x000000a97da00000,0x000000a97db00000)]

Other Threads:
  0x00000288feb56f40 VMThread "VM Thread" [stack: 0x000000a97c600000,0x000000a97c700000] [id=4720]
  0x00000288fdfd53a0 WatcherThread [stack: 0x000000a97d600000,0x000000a97d700000] [id=284]
  0x00000288fe02cef0 GCTaskThread "GC Thread#0" [stack: 0x000000a97c100000,0x000000a97c200000] [id=4536]
  0x000002888cb0e400 GCTaskThread "GC Thread#1" [stack: 0x000000a97d200000,0x000000a97d300000] [id=2296]
  0x00000288fe03ee50 ConcurrentGCThread "G1 Main Marker" [stack: 0x000000a97c200000,0x000000a97c300000] [id=988]
  0x00000288fe03f860 ConcurrentGCThread "G1 Conc#0" [stack: 0x000000a97c300000,0x000000a97c400000] [id=7792]
  0x00000288fe08e630 ConcurrentGCThread "G1 Refine#0" [stack: 0x000000a97c400000,0x000000a97c500000] [id=7408]
  0x00000288fe9c0600 ConcurrentGCThread "G1 Service" [stack: 0x000000a97c500000,0x000000a97c600000] [id=7804]

Threads with active compile tasks:

VM state: not at safepoint (normal execution)

VM Mutex/Monitor currently owned by a thread: None

OutOfMemory and StackOverflow Exception counts:
OutOfMemoryError java_heap_errors=1
LinkageErrors=547

Heap address: 0x0000000080000000, size: 2048 MB, Compressed Oops mode: 32-bit

CDS archive(s) not mapped
Compressed class space mapped at: 0x0000000100000000-0x0000000140000000, reserved size: 1073741824
Narrow klass base: 0x0000000000000000, Narrow klass shift: 3, Narrow klass range: 0x140000000

GC Precious Log:
 CPUs: 2 total, 2 available
 Memory: 8191M
 Large Page Support: Disabled
 NUMA Support: Disabled
 Compressed Oops: Enabled (32-bit)
 Heap Region Size: 1M
 Heap Min Capacity: 8M
 Heap Initial Capacity: 128M
 Heap Max Capacity: 2G
 Pre-touch: Disabled
 Parallel Workers: 2
 Concurrent Workers: 1
 Concurrent Refinement Workers: 2
 Periodic GC: Disabled

Heap:
 garbage-first heap   total 78848K, used 48907K [0x0000000080000000, 0x0000000100000000)
  region size 1024K, 13 young (13312K), 1 survivors (1024K)
 Metaspace       used 79291K, committed 80512K, reserved 1179648K
  class space    used 11081K, committed 11456K, reserved 1048576K

Heap Regions: E=young(eden), S=young(survivor), O=old, HS=humongous(starts), HC=humongous(continues), CS=collection set, F=free, OA=open archive, CA=closed archive, TAMS=top-at-mark-start (previous, next)
|   0|0x0000000080000000, 0x0000000080100000, 0x0000000080100000|100%|HS|  |TAMS 0x0000000080100000, 0x0000000080000000| Complete 
|   1|0x0000000080100000, 0x00000000801ffff0, 0x0000000080200000| 99%| O|  |TAMS 0x00000000801ffff0, 0x0000000080100000| Untracked 
|   2|0x0000000080200000, 0x00000000802ffff0, 0x0000000080300000| 99%| O|  |TAMS 0x00000000802ffff0, 0x0000000080200000| Untracked 
|   3|0x0000000080300000, 0x0000000080400000, 0x0000000080400000|100%| O|  |TAMS 0x0000000080400000, 0x0000000080300000| Untracked 
|   4|0x0000000080400000, 0x0000000080500000, 0x0000000080500000|100%| O|  |TAMS 0x0000000080500000, 0x0000000080400000| Untracked 
|   5|0x0000000080500000, 0x00000000805ffff8, 0x0000000080600000| 99%| O|  |TAMS 0x00000000805ffff8, 0x0000000080500000| Untracked 
|   6|0x0000000080600000, 0x00000000806fffe0, 0x0000000080700000| 99%| O|  |TAMS 0x00000000806fffe0, 0x0000000080600000| Untracked 
|   7|0x0000000080700000, 0x00000000807ffff8, 0x0000000080800000| 99%| O|  |TAMS 0x00000000807ffff8, 0x0000000080700000| Untracked 
|   8|0x0000000080800000, 0x00000000808ffff0, 0x0000000080900000| 99%| O|  |TAMS 0x00000000808ffff0, 0x0000000080800000| Untracked 
|   9|0x0000000080900000, 0x0000000080a00000, 0x0000000080a00000|100%| O|  |TAMS 0x0000000080a00000, 0x0000000080900000| Untracked 
|  10|0x0000000080a00000, 0x0000000080affff0, 0x0000000080b00000| 99%| O|  |TAMS 0x0000000080affff0, 0x0000000080a00000| Untracked 
|  11|0x0000000080b00000, 0x0000000080bfffe8, 0x0000000080c00000| 99%| O|  |TAMS 0x0000000080bfffe8, 0x0000000080b00000| Untracked 
|  12|0x0000000080c00000, 0x0000000080cffff0, 0x0000000080d00000| 99%| O|  |TAMS 0x0000000080cffff0, 0x0000000080c00000| Untracked 
|  13|0x0000000080d00000, 0x0000000080dffff8, 0x0000000080e00000| 99%| O|  |TAMS 0x0000000080dffff8, 0x0000000080d00000| Untracked 
|  14|0x0000000080e00000, 0x0000000080effe48, 0x0000000080f00000| 99%| O|  |TAMS 0x0000000080effe48, 0x0000000080e00000| Untracked 
|  15|0x0000000080f00000, 0x0000000080ffffe0, 0x0000000081000000| 99%| O|  |TAMS 0x0000000080ffffe0, 0x0000000080f00000| Untracked 
|  16|0x0000000081000000, 0x00000000810ffff8, 0x0000000081100000| 99%| O|  |TAMS 0x00000000810ffff8, 0x0000000081000000| Untracked 
|  17|0x0000000081100000, 0x00000000811ffff8, 0x0000000081200000| 99%| O|  |TAMS 0x00000000811ffff8, 0x0000000081100000| Untracked 
|  18|0x0000000081200000, 0x0000000081300000, 0x0000000081300000|100%| O|  |TAMS 0x0000000081300000, 0x0000000081200000| Untracked 
|  19|0x0000000081300000, 0x00000000813ffff8, 0x0000000081400000| 99%| O|  |TAMS 0x00000000813ffff8, 0x0000000081300000| Untracked 
|  20|0x0000000081400000, 0x0000000081500000, 0x0000000081500000|100%| O|  |TAMS 0x00000000814f6e00, 0x0000000081400000| Untracked 
|  21|0x0000000081500000, 0x0000000081600000, 0x0000000081600000|100%| O|  |TAMS 0x0000000081600000, 0x0000000081500000| Untracked 
|  22|0x0000000081600000, 0x00000000816ffff8, 0x0000000081700000| 99%| O|  |TAMS 0x00000000816ffff8, 0x0000000081600000| Untracked 
|  23|0x0000000081700000, 0x0000000081800000, 0x0000000081800000|100%| O|  |TAMS 0x0000000081700000, 0x0000000081700000| Untracked 
|  24|0x0000000081800000, 0x0000000081900000, 0x0000000081900000|100%| O|  |TAMS 0x0000000081800000, 0x0000000081800000| Untracked 
|  25|0x0000000081900000, 0x0000000081a00000, 0x0000000081a00000|100%| O|  |TAMS 0x0000000081a00000, 0x0000000081900000| Untracked 
|  26|0x0000000081a00000, 0x0000000081b00000, 0x0000000081b00000|100%| O|  |TAMS 0x0000000081a00000, 0x0000000081a00000| Untracked 
|  27|0x0000000081b00000, 0x0000000081c00000, 0x0000000081c00000|100%| O|  |TAMS 0x0000000081c00000, 0x0000000081b00000| Untracked 
|  28|0x0000000081c00000, 0x0000000081d00000, 0x0000000081d00000|100%| O|  |TAMS 0x0000000081d00000, 0x0000000081c00000| Untracked 
|  29|0x0000000081d00000, 0x0000000081e00000, 0x0000000081e00000|100%| O|  |TAMS 0x0000000081e00000, 0x0000000081d00000| Untracked 
|  30|0x0000000081e00000, 0x0000000081f00000, 0x0000000081f00000|100%| O|  |TAMS 0x0000000081f00000, 0x0000000081e00000| Untracked 
|  31|0x0000000081f00000, 0x0000000082000000, 0x0000000082000000|100%| O|  |TAMS 0x0000000082000000, 0x0000000081f00000| Untracked 
|  32|0x0000000082000000, 0x0000000082100000, 0x0000000082100000|100%| O|  |TAMS 0x0000000082100000, 0x0000000082000000| Untracked 
|  33|0x0000000082100000, 0x0000000082200000, 0x0000000082200000|100%| O|  |TAMS 0x0000000082100000, 0x0000000082100000| Untracked 
|  34|0x0000000082200000, 0x0000000082300000, 0x0000000082300000|100%| O|  |TAMS 0x0000000082200000, 0x0000000082200000| Untracked 
|  35|0x0000000082300000, 0x0000000082400000, 0x0000000082400000|100%| O|  |TAMS 0x0000000082300000, 0x0000000082300000| Untracked 
|  36|0x0000000082400000, 0x0000000082474800, 0x0000000082500000| 45%| O|  |TAMS 0x0000000082400000, 0x0000000082400000| Untracked 
|  37|0x0000000082500000, 0x0000000082500000, 0x0000000082600000|  0%| F|  |TAMS 0x0000000082500000, 0x0000000082500000| Untracked 
|  38|0x0000000082600000, 0x0000000082600000, 0x0000000082700000|  0%| F|  |TAMS 0x0000000082600000, 0x0000000082600000| Untracked 
|  39|0x0000000082700000, 0x0000000082700000, 0x0000000082800000|  0%| F|  |TAMS 0x0000000082700000, 0x0000000082700000| Untracked 
|  40|0x0000000082800000, 0x0000000082800000, 0x0000000082900000|  0%| F|  |TAMS 0x0000000082800000, 0x0000000082800000| Untracked 
|  41|0x0000000082900000, 0x0000000082900000, 0x0000000082a00000|  0%| F|  |TAMS 0x0000000082900000, 0x0000000082900000| Untracked 
|  42|0x0000000082a00000, 0x0000000082a00000, 0x0000000082b00000|  0%| F|  |TAMS 0x0000000082a00000, 0x0000000082a00000| Untracked 
|  43|0x0000000082b00000, 0x0000000082b00000, 0x0000000082c00000|  0%| F|  |TAMS 0x0000000082b00000, 0x0000000082b00000| Untracked 
|  44|0x0000000082c00000, 0x0000000082c00000, 0x0000000082d00000|  0%| F|  |TAMS 0x0000000082c00000, 0x0000000082c00000| Untracked 
|  45|0x0000000082d00000, 0x0000000082d00000, 0x0000000082e00000|  0%| F|  |TAMS 0x0000000082d00000, 0x0000000082d00000| Untracked 
|  46|0x0000000082e00000, 0x0000000082e4e940, 0x0000000082f00000| 30%| S|CS|TAMS 0x0000000082e00000, 0x0000000082e00000| Complete 
|  47|0x0000000082f00000, 0x0000000082f00000, 0x0000000083000000|  0%| F|  |TAMS 0x0000000082f00000, 0x0000000082f00000| Untracked 
|  48|0x0000000083000000, 0x0000000083000000, 0x0000000083100000|  0%| F|  |TAMS 0x0000000083000000, 0x0000000083000000| Untracked 
|  49|0x0000000083100000, 0x0000000083100000, 0x0000000083200000|  0%| F|  |TAMS 0x0000000083100000, 0x0000000083100000| Untracked 
|  50|0x0000000083200000, 0x0000000083200000, 0x0000000083300000|  0%| F|  |TAMS 0x0000000083200000, 0x0000000083200000| Untracked 
|  51|0x0000000083300000, 0x0000000083300000, 0x0000000083400000|  0%| F|  |TAMS 0x0000000083300000, 0x0000000083300000| Untracked 
|  52|0x0000000083400000, 0x0000000083400000, 0x0000000083500000|  0%| F|  |TAMS 0x0000000083400000, 0x0000000083400000| Untracked 
|  53|0x0000000083500000, 0x0000000083500000, 0x0000000083600000|  0%| F|  |TAMS 0x0000000083500000, 0x0000000083500000| Untracked 
|  54|0x0000000083600000, 0x0000000083600000, 0x0000000083700000|  0%| F|  |TAMS 0x0000000083600000, 0x0000000083600000| Untracked 
|  55|0x0000000083700000, 0x0000000083700000, 0x0000000083800000|  0%| F|  |TAMS 0x0000000083700000, 0x0000000083700000| Untracked 
|  56|0x0000000083800000, 0x0000000083800000, 0x0000000083900000|  0%| F|  |TAMS 0x0000000083800000, 0x0000000083800000| Untracked 
|  57|0x0000000083900000, 0x0000000083900000, 0x0000000083a00000|  0%| F|  |TAMS 0x0000000083900000, 0x0000000083900000| Untracked 
|  58|0x0000000083a00000, 0x0000000083a00000, 0x0000000083b00000|  0%| F|  |TAMS 0x0000000083a00000, 0x0000000083a00000| Untracked 
|  59|0x0000000083b00000, 0x0000000083b00000, 0x0000000083c00000|  0%| F|  |TAMS 0x0000000083b00000, 0x0000000083b00000| Untracked 
|  60|0x0000000083c00000, 0x0000000083c00000, 0x0000000083d00000|  0%| F|  |TAMS 0x0000000083c00000, 0x0000000083c00000| Untracked 
|  61|0x0000000083d00000, 0x0000000083d00000, 0x0000000083e00000|  0%| F|  |TAMS 0x0000000083d00000, 0x0000000083d00000| Untracked 
|  62|0x0000000083e00000, 0x0000000083e00000, 0x0000000083f00000|  0%| F|  |TAMS 0x0000000083e00000, 0x0000000083e00000| Untracked 
|  63|0x0000000083f00000, 0x0000000083f00000, 0x0000000084000000|  0%| F|  |TAMS 0x0000000083f00000, 0x0000000083f00000| Untracked 
|  64|0x0000000084000000, 0x0000000084000000, 0x0000000084100000|  0%| F|  |TAMS 0x0000000084000000, 0x0000000084000000| Untracked 
|  65|0x0000000084100000, 0x00000000841ca3e8, 0x0000000084200000| 79%| E|  |TAMS 0x0000000084100000, 0x0000000084100000| Complete 
|  66|0x0000000084200000, 0x0000000084300000, 0x0000000084300000|100%| E|CS|TAMS 0x0000000084200000, 0x0000000084200000| Complete 
|  67|0x0000000084300000, 0x0000000084400000, 0x0000000084400000|100%| E|CS|TAMS 0x0000000084300000, 0x0000000084300000| Complete 
|  68|0x0000000084400000, 0x0000000084500000, 0x0000000084500000|100%| E|CS|TAMS 0x0000000084400000, 0x0000000084400000| Complete 
|  69|0x0000000084500000, 0x0000000084600000, 0x0000000084600000|100%| E|CS|TAMS 0x0000000084500000, 0x0000000084500000| Complete 
|  70|0x0000000084600000, 0x0000000084700000, 0x0000000084700000|100%| E|CS|TAMS 0x0000000084600000, 0x0000000084600000| Complete 
|  71|0x0000000084700000, 0x0000000084800000, 0x0000000084800000|100%| E|CS|TAMS 0x0000000084700000, 0x0000000084700000| Complete 
|  72|0x0000000084800000, 0x0000000084900000, 0x0000000084900000|100%| E|CS|TAMS 0x0000000084800000, 0x0000000084800000| Complete 
|  73|0x0000000084900000, 0x0000000084a00000, 0x0000000084a00000|100%| E|CS|TAMS 0x0000000084900000, 0x0000000084900000| Complete 
|  74|0x0000000084a00000, 0x0000000084b00000, 0x0000000084b00000|100%| E|CS|TAMS 0x0000000084a00000, 0x0000000084a00000| Complete 
|  75|0x0000000084b00000, 0x0000000084c00000, 0x0000000084c00000|100%| E|CS|TAMS 0x0000000084b00000, 0x0000000084b00000| Complete 
|  76|0x0000000084c00000, 0x0000000084d00000, 0x0000000084d00000|100%| E|CS|TAMS 0x0000000084c00000, 0x0000000084c00000| Complete 

Card table byte_map: [0x00000288fe090000,0x00000288fe490000] _byte_map_base: 0x00000288fdc90000

Marking Bits (Prev, Next): (CMBitMap*) 0x00000288fe02d550, (CMBitMap*) 0x00000288fe02d510
 Prev Bits: [0x0000028888600000, 0x000002888a600000)
 Next Bits: [0x0000028886600000, 0x0000028888600000)

Polling page: 0x00000288fbdc0000

Metaspace:

Usage:
  Non-class:     66.61 MB used.
      Class:     10.82 MB used.
       Both:     77.43 MB used.

Virtual space:
  Non-class space:      128.00 MB reserved,      67.44 MB ( 53%) committed,  2 nodes.
      Class space:        1.00 GB reserved,      11.19 MB (  1%) committed,  1 nodes.
             Both:        1.12 GB reserved,      78.62 MB (  7%) committed. 

Chunk freelists:
   Non-Class:  13.06 MB
       Class:  4.85 MB
        Both:  17.91 MB

MaxMetaspaceSize: unlimited
CompressedClassSpaceSize: 1.00 GB
Initial GC threshold: 21.00 MB
Current GC threshold: 131.19 MB
CDS: off
MetaspaceReclaimPolicy: balanced
 - commit_granule_bytes: 65536.
 - commit_granule_words: 8192.
 - virtual_space_node_default_size: 8388608.
 - enlarge_chunks_in_place: 1.
 - new_chunks_are_fully_committed: 0.
 - uncommit_free_chunks: 1.
 - use_allocation_guard: 0.
 - handle_deallocations: 1.


Internal statistics:

num_allocs_failed_limit: 9.
num_arena_births: 4102.
num_arena_deaths: 3004.
num_vsnodes_births: 3.
num_vsnodes_deaths: 0.
num_space_committed: 1303.
num_space_uncommitted: 46.
num_chunks_returned_to_freelist: 5907.
num_chunks_taken_from_freelist: 9957.
num_chunk_merges: 1160.
num_chunk_splits: 4046.
num_chunks_enlarged: 2318.
num_inconsistent_stats: 0.

CodeCache: size=49152Kb used=28749Kb max_used=29293Kb free=20403Kb
 bounds [0x0000028883600000, 0x00000288852a0000, 0x0000028886600000]
 total_blobs=17626 nmethods=16930 adapters=621
 compilation: enabled
              stopped_count=0, restarted_count=0
 full_count=0

Compilation events (20 events):
Event: 27059.919 Thread 0x00000288feb9d000 16936       1       java.util.concurrent.ThreadPoolExecutor$Worker::run (9 bytes)
Event: 27059.919 Thread 0x00000288feb9d000 nmethod 16936 0x0000028885185710 code [0x00000288851858a0, 0x0000028885185988]
Event: 28816.778 Thread 0x00000288feb9d000 16937       1       com.zaxxer.hikari.util.UtilityElf$DefaultThreadFactory::newThread (23 bytes)
Event: 28816.778 Thread 0x00000288feb9d000 nmethod 16937 0x0000028885185110 code [0x00000288851852e0, 0x0000028885185598]
Event: 29609.576 Thread 0x00000288feb9d000 16938       1       java.io.ObjectOutputStream$HandleTable::growEntries (58 bytes)
Event: 29609.576 Thread 0x00000288feb9d000 nmethod 16938 0x0000028885184a10 code [0x0000028885184bc0, 0x0000028885184fd8]
Event: 30634.185 Thread 0x00000288feb9d000 16939       1       com.zaxxer.hikari.pool.HikariPool$PoolEntryCreator::call (5 bytes)
Event: 30634.186 Thread 0x00000288feb9d000 nmethod 16939 0x0000028885184710 code [0x00000288851848a0, 0x0000028885184988]
Event: 30634.186 Thread 0x00000288feb9d000 16940   !   1       com.zaxxer.hikari.pool.HikariPool$PoolEntryCreator::call (223 bytes)
Event: 30634.187 Thread 0x00000288feb9d000 nmethod 16940 0x000002888529ca10 code [0x000002888529cc80, 0x000002888529d5a8]
Event: 34159.171 Thread 0x00000288feb9d000 16941       1       java.util.concurrent.atomic.AtomicLong::getAndAdd (12 bytes)
Event: 34159.172 Thread 0x00000288feb9d000 nmethod 16941 0x0000028885184210 code [0x00000288851843a0, 0x0000028885184478]
Event: 38406.313 Thread 0x00000288feb9d000 16942       1       java.util.concurrent.locks.AbstractQueuedSynchronizer::acquireInterruptibly (36 bytes)
Event: 38406.313 Thread 0x00000288feb9d000 nmethod 16942 0x000002888529c490 code [0x000002888529c660, 0x000002888529c8b8]
Event: 46510.494 Thread 0x00000288feb9d000 16943       1       java.util.concurrent.ConcurrentSkipListMap::cpr (26 bytes)
Event: 46510.495 Thread 0x00000288feb9d000 nmethod 16943 0x000002888529c090 code [0x000002888529c240, 0x000002888529c3b8]
Event: 46510.495 Thread 0x00000288feb9d000 16944       1       java.net.InetAddress$CachedAddresses::compareTo (9 bytes)
Event: 46510.495 Thread 0x00000288feb9d000 nmethod 16944 0x000002888529bd10 code [0x000002888529bea0, 0x000002888529bfa8]
Event: 46510.495 Thread 0x00000288feb9d000 16945       1       java.net.InetAddress$CachedAddresses::compareTo (38 bytes)
Event: 46510.495 Thread 0x00000288feb9d000 nmethod 16945 0x000002888529b890 code [0x000002888529ba40, 0x000002888529bc38]

GC Heap History (20 events):
Event: 46105.309 GC heap before
{Heap before GC invocations=961 (full 32):
 garbage-first heap   total 78848K, used 68079K [0x0000000080000000, 0x0000000100000000)
  region size 1024K, 31 young (31744K), 1 survivors (1024K)
 Metaspace       used 79291K, committed 80512K, reserved 1179648K
  class space    used 11081K, committed 11456K, reserved 1048576K
}
Event: 46105.310 GC heap after
{Heap after GC invocations=962 (full 32):
 garbage-first heap   total 78848K, used 37366K [0x0000000080000000, 0x0000000100000000)
  region size 1024K, 1 young (1024K), 1 survivors (1024K)
 Metaspace       used 79291K, committed 80512K, reserved 1179648K
  class space    used 11081K, committed 11456K, reserved 1048576K
}
Event: 46158.391 GC heap before
{Heap before GC invocations=962 (full 32):
 garbage-first heap   total 78848K, used 68086K [0x0000000080000000, 0x0000000100000000)
  region size 1024K, 31 young (31744K), 1 survivors (1024K)
 Metaspace       used 79291K, committed 80512K, reserved 1179648K
  class space    used 11081K, committed 11456K, reserved 1048576K
}
Event: 46158.392 GC heap after
{Heap after GC invocations=963 (full 32):
 garbage-first heap   total 78848K, used 37394K [0x0000000080000000, 0x0000000100000000)
  region size 1024K, 1 young (1024K), 1 survivors (1024K)
 Metaspace       used 79291K, committed 80512K, reserved 1179648K
  class space    used 11081K, committed 11456K, reserved 1048576K
}
Event: 46211.586 GC heap before
{Heap before GC invocations=963 (full 32):
 garbage-first heap   total 78848K, used 68114K [0x0000000080000000, 0x0000000100000000)
  region size 1024K, 31 young (31744K), 1 survivors (1024K)
 Metaspace       used 79291K, committed 80512K, reserved 1179648K
  class space    used 11081K, committed 11456K, reserved 1048576K
}
Event: 46211.586 GC heap after
{Heap after GC invocations=964 (full 32):
 garbage-first heap   total 78848K, used 37388K [0x0000000080000000, 0x0000000100000000)
  region size 1024K, 1 young (1024K), 1 survivors (1024K)
 Metaspace       used 79291K, committed 80512K, reserved 1179648K
  class space    used 11081K, committed 11456K, reserved 1048576K
}
Event: 46264.635 GC heap before
{Heap before GC invocations=964 (full 32):
 garbage-first heap   total 78848K, used 68108K [0x0000000080000000, 0x0000000100000000)
  region size 1024K, 31 young (31744K), 1 survivors (1024K)
 Metaspace       used 79291K, committed 80512K, reserved 1179648K
  class space    used 11081K, committed 11456K, reserved 1048576K
}
Event: 46264.636 GC heap after
{Heap after GC invocations=965 (full 32):
 garbage-first heap   total 78848K, used 37404K [0x0000000080000000, 0x0000000100000000)
  region size 1024K, 1 young (1024K), 1 survivors (1024K)
 Metaspace       used 79291K, committed 80512K, reserved 1179648K
  class space    used 11081K, committed 11456K, reserved 1048576K
}
Event: 46317.726 GC heap before
{Heap before GC invocations=965 (full 32):
 garbage-first heap   total 78848K, used 68124K [0x0000000080000000, 0x0000000100000000)
  region size 1024K, 31 young (31744K), 1 survivors (1024K)
 Metaspace       used 79291K, committed 80512K, reserved 1179648K
  class space    used 11081K, committed 11456K, reserved 1048576K
}
Event: 46317.727 GC heap after
{Heap after GC invocations=966 (full 32):
 garbage-first heap   total 78848K, used 37387K [0x0000000080000000, 0x0000000100000000)
  region size 1024K, 1 young (1024K), 1 survivors (1024K)
 Metaspace       used 79291K, committed 80512K, reserved 1179648K
  class space    used 11081K, committed 11456K, reserved 1048576K
}
Event: 46371.035 GC heap before
{Heap before GC invocations=966 (full 32):
 garbage-first heap   total 78848K, used 68107K [0x0000000080000000, 0x0000000100000000)
  region size 1024K, 31 young (31744K), 1 survivors (1024K)
 Metaspace       used 79291K, committed 80512K, reserved 1179648K
  class space    used 11081K, committed 11456K, reserved 1048576K
}
Event: 46371.036 GC heap after
{Heap after GC invocations=967 (full 32):
 garbage-first heap   total 78848K, used 37360K [0x0000000080000000, 0x0000000100000000)
  region size 1024K, 1 young (1024K), 1 survivors (1024K)
 Metaspace       used 79291K, committed 80512K, reserved 1179648K
  class space    used 11081K, committed 11456K, reserved 1048576K
}
Event: 46424.019 GC heap before
{Heap before GC invocations=967 (full 32):
 garbage-first heap   total 78848K, used 68080K [0x0000000080000000, 0x0000000100000000)
  region size 1024K, 31 young (31744K), 1 survivors (1024K)
 Metaspace       used 79291K, committed 80512K, reserved 1179648K
  class space    used 11081K, committed 11456K, reserved 1048576K
}
Event: 46424.020 GC heap after
{Heap after GC invocations=968 (full 32):
 garbage-first heap   total 78848K, used 37359K [0x0000000080000000, 0x0000000100000000)
  region size 1024K, 1 young (1024K), 1 survivors (1024K)
 Metaspace       used 79291K, committed 80512K, reserved 1179648K
  class space    used 11081K, committed 11456K, reserved 1048576K
}
Event: 46477.149 GC heap before
{Heap before GC invocations=968 (full 32):
 garbage-first heap   total 78848K, used 68079K [0x0000000080000000, 0x0000000100000000)
  region size 1024K, 31 young (31744K), 1 survivors (1024K)
 Metaspace       used 79291K, committed 80512K, reserved 1179648K
  class space    used 11081K, committed 11456K, reserved 1048576K
}
Event: 46477.150 GC heap after
{Heap after GC invocations=969 (full 32):
 garbage-first heap   total 78848K, used 37377K [0x0000000080000000, 0x0000000100000000)
  region size 1024K, 1 young (1024K), 1 survivors (1024K)
 Metaspace       used 79291K, committed 80512K, reserved 1179648K
  class space    used 11081K, committed 11456K, reserved 1048576K
}
Event: 46529.382 GC heap before
{Heap before GC invocations=969 (full 32):
 garbage-first heap   total 78848K, used 68097K [0x0000000080000000, 0x0000000100000000)
  region size 1024K, 31 young (31744K), 1 survivors (1024K)
 Metaspace       used 79291K, committed 80512K, reserved 1179648K
  class space    used 11081K, committed 11456K, reserved 1048576K
}
Event: 46529.383 GC heap after
{Heap after GC invocations=970 (full 32):
 garbage-first heap   total 78848K, used 37496K [0x0000000080000000, 0x0000000100000000)
  region size 1024K, 1 young (1024K), 1 survivors (1024K)
 Metaspace       used 79291K, committed 80512K, reserved 1179648K
  class space    used 11081K, committed 11456K, reserved 1048576K
}
Event: 46581.033 GC heap before
{Heap before GC invocations=970 (full 32):
 garbage-first heap   total 78848K, used 68216K [0x0000000080000000, 0x0000000100000000)
  region size 1024K, 31 young (31744K), 1 survivors (1024K)
 Metaspace       used 79291K, committed 80512K, reserved 1179648K
  class space    used 11081K, committed 11456K, reserved 1048576K
}
Event: 46581.035 GC heap after
{Heap after GC invocations=971 (full 32):
 garbage-first heap   total 78848K, used 37643K [0x0000000080000000, 0x0000000100000000)
  region size 1024K, 1 young (1024K), 1 survivors (1024K)
 Metaspace       used 79291K, committed 80512K, reserved 1179648K
  class space    used 11081K, committed 11456K, reserved 1048576K
}

Dll operation events (10 events):
Event: 0.015 Loaded shared library C:\Users\Administrator\.p2\pool\plugins\org.eclipse.justj.openjdk.hotspot.jre.full.win32.x86_64_17.0.8.v20230801-1951\jre\bin\java.dll
Event: 0.406 Loaded shared library C:\Users\Administrator\.p2\pool\plugins\org.eclipse.justj.openjdk.hotspot.jre.full.win32.x86_64_17.0.8.v20230801-1951\jre\bin\jimage.dll
Event: 0.430 Loaded shared library C:\Users\Administrator\.p2\pool\plugins\org.eclipse.justj.openjdk.hotspot.jre.full.win32.x86_64_17.0.8.v20230801-1951\jre\bin\net.dll
Event: 0.435 Loaded shared library C:\Users\Administrator\.p2\pool\plugins\org.eclipse.justj.openjdk.hotspot.jre.full.win32.x86_64_17.0.8.v20230801-1951\jre\bin\nio.dll
Event: 0.441 Loaded shared library C:\Users\Administrator\.p2\pool\plugins\org.eclipse.justj.openjdk.hotspot.jre.full.win32.x86_64_17.0.8.v20230801-1951\jre\bin\zip.dll
Event: 0.577 Loaded shared library C:\Users\Administrator\.p2\pool\plugins\org.eclipse.justj.openjdk.hotspot.jre.full.win32.x86_64_17.0.8.v20230801-1951\jre\bin\management.dll
Event: 0.603 Loaded shared library C:\Users\Administrator\.p2\pool\plugins\org.eclipse.justj.openjdk.hotspot.jre.full.win32.x86_64_17.0.8.v20230801-1951\jre\bin\management_ext.dll
Event: 5.588 Loaded shared library C:\Users\Administrator\.p2\pool\plugins\org.eclipse.justj.openjdk.hotspot.jre.full.win32.x86_64_17.0.8.v20230801-1951\jre\bin\sunmscapi.dll
Event: 6.504 Loaded shared library C:\Users\Administrator\.p2\pool\plugins\org.eclipse.justj.openjdk.hotspot.jre.full.win32.x86_64_17.0.8.v20230801-1951\jre\bin\verify.dll
Event: 8.408 Loaded shared library C:\Users\Administrator\AppData\Local\Temp\jna-146731693\jna8647347702377308198.dll

Deoptimization events (20 events):
Event: 288.730 Thread 0x0000028892de8ee0 DEOPT PACKING pc=0x000002888379d334 sp=0x000000a97e9fd320
Event: 288.730 Thread 0x0000028892de8ee0 DEOPT UNPACKING pc=0x0000028883657143 sp=0x000000a97e9fc838 mode 0
Event: 340.705 Thread 0x0000028892dec690 DEOPT PACKING pc=0x00000288843074cc sp=0x000000a97e2fc740
Event: 340.705 Thread 0x0000028892dec690 DEOPT UNPACKING pc=0x0000028883657143 sp=0x000000a97e2fbc00 mode 0
Event: 8117.299 Thread 0x000002889172d720 DEOPT PACKING pc=0x0000028883a83573 sp=0x000000a97e1ff0a0
Event: 8117.299 Thread 0x000002889172d720 DEOPT UNPACKING pc=0x0000028883657143 sp=0x000000a97e1fe5a0 mode 3
Event: 11800.205 Thread 0x0000028892debc70 DEOPT PACKING pc=0x0000028884cdad44 sp=0x000000a97e9fbc20
Event: 11800.205 Thread 0x0000028892debc70 DEOPT UNPACKING pc=0x0000028883657143 sp=0x000000a97e9fb0b8 mode 3
Event: 14379.125 Thread 0x00000288936d23c0 DEOPT PACKING pc=0x0000028885139fb3 sp=0x000000a97f3fc880
Event: 14379.125 Thread 0x00000288936d23c0 DEOPT UNPACKING pc=0x0000028883657143 sp=0x000000a97f3fbda8 mode 3
Event: 14604.149 Thread 0x00000288936d6aa0 DEOPT PACKING pc=0x000002888487cf1c sp=0x000000a97e9fd300
Event: 14604.149 Thread 0x00000288936d6aa0 DEOPT UNPACKING pc=0x0000028883657143 sp=0x000000a97e9fc830 mode 0
Event: 14604.149 Thread 0x00000288936d6aa0 DEOPT PACKING pc=0x0000028884530c04 sp=0x000000a97e9fd450
Event: 14604.149 Thread 0x00000288936d6aa0 DEOPT UNPACKING pc=0x0000028883657143 sp=0x000000a97e9fc9e0 mode 0
Event: 14604.763 Thread 0x00000288936d6aa0 DEOPT PACKING pc=0x0000028884781b73 sp=0x000000a97e9fd480
Event: 14604.763 Thread 0x00000288936d6aa0 DEOPT UNPACKING pc=0x0000028883657143 sp=0x000000a97e9fc950 mode 3
Event: 14604.764 Thread 0x00000288936d6aa0 DEOPT PACKING pc=0x00000288850d3b24 sp=0x000000a97e9fd500
Event: 14604.764 Thread 0x00000288936d6aa0 DEOPT UNPACKING pc=0x0000028883657143 sp=0x000000a97e9fca48 mode 0
Event: 14604.976 Thread 0x00000288936d6aa0 DEOPT PACKING pc=0x00000288843aaddc sp=0x000000a97e9fc980
Event: 14604.976 Thread 0x00000288936d6aa0 DEOPT UNPACKING pc=0x0000028883657143 sp=0x000000a97e9fbef8 mode 0

Classes unloaded (20 events):
Event: 19839.505 Thread 0x00000288feb56f40 Unloading class 0x00000001009eac00 'jdk/internal/reflect/GeneratedSerializationConstructorAccessor515'
Event: 19839.505 Thread 0x00000288feb56f40 Unloading class 0x0000000100a0c000 'jdk/internal/reflect/GeneratedSerializationConstructorAccessor514'
Event: 19839.505 Thread 0x00000288feb56f40 Unloading class 0x0000000100140800 'jdk/internal/reflect/GeneratedSerializationConstructorAccessor513'
Event: 20099.705 Thread 0x00000288feb56f40 Unloading class 0x0000000100af5400 'jdk/internal/reflect/GeneratedSerializationConstructorAccessor516'
Event: 20233.285 Thread 0x00000288feb56f40 Unloading class 0x000000010018ac00 'jdk/internal/reflect/GeneratedSerializationConstructorAccessor519'
Event: 20233.285 Thread 0x00000288feb56f40 Unloading class 0x0000000100417800 'jdk/internal/reflect/GeneratedSerializationConstructorAccessor518'
Event: 20233.285 Thread 0x00000288feb56f40 Unloading class 0x0000000100ae1c00 'jdk/internal/reflect/GeneratedSerializationConstructorAccessor517'
Event: 20365.220 Thread 0x00000288feb56f40 Unloading class 0x0000000100b06400 'jdk/internal/reflect/GeneratedSerializationConstructorAccessor520'
Event: 20497.583 Thread 0x00000288feb56f40 Unloading class 0x0000000100b1d000 'jdk/internal/reflect/GeneratedSerializationConstructorAccessor523'
Event: 20497.583 Thread 0x00000288feb56f40 Unloading class 0x00000001000c0c00 'jdk/internal/reflect/GeneratedSerializationConstructorAccessor522'
Event: 20497.583 Thread 0x00000288feb56f40 Unloading class 0x00000001003b4000 'jdk/internal/reflect/GeneratedSerializationConstructorAccessor521'
Event: 20895.175 Thread 0x00000288feb56f40 Unloading class 0x0000000100ab7800 'jdk/internal/reflect/GeneratedSerializationConstructorAccessor526'
Event: 20895.175 Thread 0x00000288feb56f40 Unloading class 0x0000000100aa6000 'jdk/internal/reflect/GeneratedSerializationConstructorAccessor525'
Event: 20895.176 Thread 0x00000288feb56f40 Unloading class 0x0000000100140000 'jdk/internal/reflect/GeneratedSerializationConstructorAccessor524'
Event: 21158.513 Thread 0x00000288feb56f40 Unloading class 0x0000000100140800 'jdk/internal/reflect/GeneratedSerializationConstructorAccessor529'
Event: 21158.513 Thread 0x00000288feb56f40 Unloading class 0x0000000100a0c000 'jdk/internal/reflect/GeneratedSerializationConstructorAccessor528'
Event: 21158.513 Thread 0x00000288feb56f40 Unloading class 0x00000001009eac00 'jdk/internal/reflect/GeneratedSerializationConstructorAccessor527'
Event: 21421.301 Thread 0x00000288feb56f40 Unloading class 0x0000000100ae1c00 'jdk/internal/reflect/GeneratedSerializationConstructorAccessor532'
Event: 21421.301 Thread 0x00000288feb56f40 Unloading class 0x0000000100417800 'jdk/internal/reflect/GeneratedSerializationConstructorAccessor531'
Event: 21421.302 Thread 0x00000288feb56f40 Unloading class 0x000000010018ac00 'jdk/internal/reflect/GeneratedSerializationConstructorAccessor530'

Classes redefined (0 events):
No events

Internal exceptions (20 events):
Event: 30551.028 Thread 0x0000028892dead40 Exception <a 'java/net/SocketException'{0x0000000082f0e508}: No buffer space available (maximum connections reached?): connect> (0x0000000082f0e508) 
thrown [s\src\hotspot\share\prims\jni.cpp, line 535]
Event: 30551.028 Thread 0x0000028892dead40 Exception <a 'java/net/SocketException'{0x0000000082f0e840}: Socket is not connected: shutdown> (0x0000000082f0e840) 
thrown [s\src\hotspot\share\prims\jni.cpp, line 535]
Event: 30558.684 Thread 0x00000288936d3800 Exception <a 'java/lang/OutOfMemoryError'{0x0000000082bde0f8}: unable to create native thread: possibly out of memory or process/resource limits reached> (0x0000000082bde0f8) 
thrown [s\src\hotspot\share\prims\jvm.cpp, line 2923]
Event: 30809.582 Thread 0x0000028892dedfe0 Exception <a 'java/lang/NoSuchMethodError'{0x000000008458ad10}: static [B.<clinit>()V> (0x000000008458ad10) 
thrown [s\src\hotspot\share\prims\jni.cpp, line 1107]
Event: 31109.586 Thread 0x0000028892dedfe0 Exception <a 'java/lang/NoSuchMethodError'{0x000000008468bbf8}: static [B.<clinit>()V> (0x000000008468bbf8) 
thrown [s\src\hotspot\share\prims\jni.cpp, line 1107]
Event: 31409.591 Thread 0x0000028892dedfe0 Exception <a 'java/lang/NoSuchMethodError'{0x00000000847294c0}: static [B.<clinit>()V> (0x00000000847294c0) 
thrown [s\src\hotspot\share\prims\jni.cpp, line 1107]
Event: 31709.593 Thread 0x0000028892dedfe0 Exception <a 'java/lang/NoSuchMethodError'{0x00000000848ca128}: static [B.<clinit>()V> (0x00000000848ca128) 
thrown [s\src\hotspot\share\prims\jni.cpp, line 1107]
Event: 32009.593 Thread 0x0000028892dedfe0 Exception <a 'java/lang/NoSuchMethodError'{0x00000000849745c8}: static [B.<clinit>()V> (0x00000000849745c8) 
thrown [s\src\hotspot\share\prims\jni.cpp, line 1107]
Event: 32309.597 Thread 0x0000028892dedfe0 Exception <a 'java/lang/NoSuchMethodError'{0x0000000084a4f258}: static [B.<clinit>()V> (0x0000000084a4f258) 
thrown [s\src\hotspot\share\prims\jni.cpp, line 1107]
Event: 32609.601 Thread 0x0000028892dedfe0 Exception <a 'java/lang/NoSuchMethodError'{0x000000008481c7e0}: static [B.<clinit>()V> (0x000000008481c7e0) 
thrown [s\src\hotspot\share\prims\jni.cpp, line 1107]
Event: 32909.603 Thread 0x0000028892dedfe0 Exception <a 'java/lang/NoSuchMethodError'{0x0000000084ab1c38}: static [B.<clinit>()V> (0x0000000084ab1c38) 
thrown [s\src\hotspot\share\prims\jni.cpp, line 1107]
Event: 33209.605 Thread 0x0000028892dedfe0 Exception <a 'java/lang/NoSuchMethodError'{0x0000000084b745b0}: static [B.<clinit>()V> (0x0000000084b745b0) 
thrown [s\src\hotspot\share\prims\jni.cpp, line 1107]
Event: 33509.608 Thread 0x0000028892dedfe0 Exception <a 'java/lang/NoSuchMethodError'{0x000000008480cb00}: static [B.<clinit>()V> (0x000000008480cb00) 
thrown [s\src\hotspot\share\prims\jni.cpp, line 1107]
Event: 33809.609 Thread 0x0000028892dedfe0 Exception <a 'java/lang/NoSuchMethodError'{0x000000008444cd40}: static [B.<clinit>()V> (0x000000008444cd40) 
thrown [s\src\hotspot\share\prims\jni.cpp, line 1107]
Event: 34109.611 Thread 0x0000028892dedfe0 Exception <a 'java/lang/NoSuchMethodError'{0x0000000083f4c2a8}: static [B.<clinit>()V> (0x0000000083f4c2a8) 
thrown [s\src\hotspot\share\prims\jni.cpp, line 1107]
Event: 34409.612 Thread 0x0000028892dedfe0 Exception <a 'java/lang/NoSuchMethodError'{0x0000000083993398}: static [B.<clinit>()V> (0x0000000083993398) 
thrown [s\src\hotspot\share\prims\jni.cpp, line 1107]
Event: 34709.615 Thread 0x0000028892dedfe0 Exception <a 'java/lang/NoSuchMethodError'{0x0000000083517a98}: static [B.<clinit>()V> (0x0000000083517a98) 
thrown [s\src\hotspot\share\prims\jni.cpp, line 1107]
Event: 35009.617 Thread 0x0000028892dedfe0 Exception <a 'java/lang/NoSuchMethodError'{0x000000008310b4d8}: static [B.<clinit>()V> (0x000000008310b4d8) 
thrown [s\src\hotspot\share\prims\jni.cpp, line 1107]
Event: 35309.619 Thread 0x0000028892dedfe0 Exception <a 'java/lang/NoSuchMethodError'{0x0000000082eff6b0}: static [B.<clinit>()V> (0x0000000082eff6b0) 
thrown [s\src\hotspot\share\prims\jni.cpp, line 1107]
Event: 35609.622 Thread 0x0000028892dedfe0 Exception <a 'java/lang/NoSuchMethodError'{0x0000000084a29728}: static [B.<clinit>()V> (0x0000000084a29728) 
thrown [s\src\hotspot\share\prims\jni.cpp, line 1107]

VM Operations (20 events):
Event: 46211.585 Executing VM operation: G1CollectForAllocation
Event: 46211.586 Executing VM operation: G1CollectForAllocation done
Event: 46264.635 Executing VM operation: G1CollectForAllocation
Event: 46264.636 Executing VM operation: G1CollectForAllocation done
Event: 46317.726 Executing VM operation: G1CollectForAllocation
Event: 46317.727 Executing VM operation: G1CollectForAllocation done
Event: 46371.035 Executing VM operation: G1CollectForAllocation
Event: 46371.039 Executing VM operation: G1CollectForAllocation done
Event: 46424.019 Executing VM operation: G1CollectForAllocation
Event: 46424.020 Executing VM operation: G1CollectForAllocation done
Event: 46477.149 Executing VM operation: G1CollectForAllocation
Event: 46477.150 Executing VM operation: G1CollectForAllocation done
Event: 46511.263 Executing VM operation: Cleanup
Event: 46511.263 Executing VM operation: Cleanup done
Event: 46529.381 Executing VM operation: G1CollectForAllocation
Event: 46529.383 Executing VM operation: G1CollectForAllocation done
Event: 46572.502 Executing VM operation: Cleanup
Event: 46572.502 Executing VM operation: Cleanup done
Event: 46581.033 Executing VM operation: G1CollectForAllocation
Event: 46581.035 Executing VM operation: G1CollectForAllocation done

Events (20 events):
Event: 44922.778 Thread 0x0000028892de7590 Thread exited: 0x0000028892de7590
Event: 44922.794 Thread 0x0000028892dead40 Thread exited: 0x0000028892dead40
Event: 46510.490 Thread 0x0000028892de7590 Thread added: 0x0000028892de7590
Event: 46510.490 Thread 0x0000028892dedfe0 Thread added: 0x0000028892dedfe0
Event: 46515.503 Thread 0x0000028892de7590 Thread exited: 0x0000028892de7590
Event: 46515.519 Thread 0x0000028892dedfe0 Thread exited: 0x0000028892dedfe0
Event: 46572.188 Thread 0x0000028892dedfe0 Thread added: 0x0000028892dedfe0
Event: 46572.189 Thread 0x0000028892dee4f0 Thread added: 0x0000028892dee4f0
Event: 46577.197 Thread 0x0000028892dedfe0 Thread exited: 0x0000028892dedfe0
Event: 46577.212 Thread 0x0000028892dee4f0 Thread exited: 0x0000028892dee4f0
Event: 46579.859 Thread 0x0000028892de7590 Thread added: 0x0000028892de7590
Event: 46579.859 Thread 0x0000028892dead40 Thread added: 0x0000028892dead40
Event: 46585.398 Thread 0x0000028892de7590 Thread exited: 0x0000028892de7590
Event: 46585.414 Thread 0x0000028892dead40 Thread exited: 0x0000028892dead40
Event: 46593.350 Thread 0x0000028892dee4f0 Thread added: 0x0000028892dee4f0
Event: 46593.350 Thread 0x0000028892deb250 Thread added: 0x0000028892deb250
Event: 46598.357 Thread 0x0000028892dee4f0 Thread exited: 0x0000028892dee4f0
Event: 46598.372 Thread 0x0000028892deb250 Thread exited: 0x0000028892deb250
Event: 46601.006 Thread 0x0000028892dedfe0 Thread added: 0x0000028892dedfe0
Event: 46601.006 Thread 0x0000028892dead40 Thread added: 0x0000028892dead40


Dynamic libraries:
0x00007ff6faf40000 - 0x00007ff6faf4e000 	C:\Users\Administrator\.p2\pool\plugins\org.eclipse.justj.openjdk.hotspot.jre.full.win32.x86_64_17.0.8.v20230801-1951\jre\bin\javaw.exe
0x00007ffe96eb0000 - 0x00007ffe970a8000 	C:\Windows\SYSTEM32\ntdll.dll
0x00007ffe967a0000 - 0x00007ffe9685d000 	C:\Windows\System32\KERNEL32.DLL
0x00007ffe947e0000 - 0x00007ffe94aae000 	C:\Windows\System32\KERNELBASE.dll
0x00007ffe94de0000 - 0x00007ffe94ee0000 	C:\Windows\System32\ucrtbase.dll
0x00007ffe8ee30000 - 0x00007ffe8ee47000 	C:\Users\Administrator\.p2\pool\plugins\org.eclipse.justj.openjdk.hotspot.jre.full.win32.x86_64_17.0.8.v20230801-1951\jre\bin\jli.dll
0x00007ffe811d0000 - 0x00007ffe811e9000 	C:\Users\Administrator\.p2\pool\plugins\org.eclipse.justj.openjdk.hotspot.jre.full.win32.x86_64_17.0.8.v20230801-1951\jre\bin\VCRUNTIME140.dll
0x00007ffe96860000 - 0x00007ffe96a00000 	C:\Windows\System32\USER32.dll
0x00007ffe947b0000 - 0x00007ffe947d2000 	C:\Windows\System32\win32u.dll
0x00007ffe95210000 - 0x00007ffe9523a000 	C:\Windows\System32\GDI32.dll
0x00007ffe94cd0000 - 0x00007ffe94ddb000 	C:\Windows\System32\gdi32full.dll
0x00007ffe94710000 - 0x00007ffe947ad000 	C:\Windows\System32\msvcp_win.dll
0x00007ffe84bc0000 - 0x00007ffe84e5a000 	C:\Windows\WinSxS\amd64_microsoft.windows.common-controls_6595b64144ccf1df_6.0.19041.1110_none_60b5254171f9507e\COMCTL32.dll
0x00007ffe95820000 - 0x00007ffe958be000 	C:\Windows\System32\msvcrt.dll
0x00007ffe95240000 - 0x00007ffe95270000 	C:\Windows\System32\IMM32.DLL
0x00007ffe83980000 - 0x00007ffe8398c000 	C:\Users\Administrator\.p2\pool\plugins\org.eclipse.justj.openjdk.hotspot.jre.full.win32.x86_64_17.0.8.v20230801-1951\jre\bin\vcruntime140_1.dll
0x00007ffe6e6f0000 - 0x00007ffe6e781000 	C:\Users\Administrator\.p2\pool\plugins\org.eclipse.justj.openjdk.hotspot.jre.full.win32.x86_64_17.0.8.v20230801-1951\jre\bin\msvcp140.dll
0x00007ffe5b8e0000 - 0x00007ffe5c52c000 	C:\Users\Administrator\.p2\pool\plugins\org.eclipse.justj.openjdk.hotspot.jre.full.win32.x86_64_17.0.8.v20230801-1951\jre\bin\server\jvm.dll
0x00007ffe966f0000 - 0x00007ffe9679e000 	C:\Windows\System32\ADVAPI32.dll
0x00007ffe95a60000 - 0x00007ffe95afc000 	C:\Windows\System32\sechost.dll
0x00007ffe955b0000 - 0x00007ffe956d5000 	C:\Windows\System32\RPCRT4.dll
0x00007ffe94440000 - 0x00007ffe9448b000 	C:\Windows\SYSTEM32\POWRPROF.dll
0x00007ffe8a010000 - 0x00007ffe8a019000 	C:\Windows\SYSTEM32\WSOCK32.dll
0x00007ffe8b400000 - 0x00007ffe8b427000 	C:\Windows\SYSTEM32\WINMM.dll
0x00007ffe8ba80000 - 0x00007ffe8ba8a000 	C:\Windows\SYSTEM32\VERSION.dll
0x00007ffe95940000 - 0x00007ffe959ab000 	C:\Windows\System32\WS2_32.dll
0x00007ffe94420000 - 0x00007ffe94432000 	C:\Windows\SYSTEM32\UMPDC.dll
0x00007ffe924e0000 - 0x00007ffe924f2000 	C:\Windows\SYSTEM32\kernel.appcore.dll
0x00007ffe8f760000 - 0x00007ffe8f76a000 	C:\Users\Administrator\.p2\pool\plugins\org.eclipse.justj.openjdk.hotspot.jre.full.win32.x86_64_17.0.8.v20230801-1951\jre\bin\jimage.dll
0x00007ffe8af50000 - 0x00007ffe8b134000 	C:\Windows\SYSTEM32\DBGHELP.DLL
0x00007ffe8a5e0000 - 0x00007ffe8a60c000 	C:\Windows\SYSTEM32\dbgcore.DLL
0x00007ffe94680000 - 0x00007ffe94702000 	C:\Windows\System32\bcryptPrimitives.dll
0x00007ffe88a20000 - 0x00007ffe88a45000 	C:\Users\Administrator\.p2\pool\plugins\org.eclipse.justj.openjdk.hotspot.jre.full.win32.x86_64_17.0.8.v20230801-1951\jre\bin\java.dll
0x00007ffe8c860000 - 0x00007ffe8c878000 	C:\Users\Administrator\.p2\pool\plugins\org.eclipse.justj.openjdk.hotspot.jre.full.win32.x86_64_17.0.8.v20230801-1951\jre\bin\zip.dll
0x00007ffe95b00000 - 0x00007ffe96243000 	C:\Windows\System32\SHELL32.dll
0x00007ffe926e0000 - 0x00007ffe92e75000 	C:\Windows\SYSTEM32\windows.storage.dll
0x00007ffe96250000 - 0x00007ffe965a4000 	C:\Windows\System32\combase.dll
0x00007ffe93f60000 - 0x00007ffe93f90000 	C:\Windows\SYSTEM32\Wldp.dll
0x00007ffe94f10000 - 0x00007ffe94fbd000 	C:\Windows\System32\SHCORE.dll
0x00007ffe957c0000 - 0x00007ffe95815000 	C:\Windows\System32\shlwapi.dll
0x00007ffe94510000 - 0x00007ffe9452f000 	C:\Windows\SYSTEM32\profapi.dll
0x00007ffe84b10000 - 0x00007ffe84b29000 	C:\Users\Administrator\.p2\pool\plugins\org.eclipse.justj.openjdk.hotspot.jre.full.win32.x86_64_17.0.8.v20230801-1951\jre\bin\net.dll
0x00007ffe8dcb0000 - 0x00007ffe8ddba000 	C:\Windows\SYSTEM32\WINHTTP.dll
0x00007ffe93cc0000 - 0x00007ffe93d2a000 	C:\Windows\system32\mswsock.dll
0x00007ffe83420000 - 0x00007ffe83435000 	C:\Users\Administrator\.p2\pool\plugins\org.eclipse.justj.openjdk.hotspot.jre.full.win32.x86_64_17.0.8.v20230801-1951\jre\bin\nio.dll
0x00007ffe83410000 - 0x00007ffe83419000 	C:\Users\Administrator\.p2\pool\plugins\org.eclipse.justj.openjdk.hotspot.jre.full.win32.x86_64_17.0.8.v20230801-1951\jre\bin\management.dll
0x00007ffe82ea0000 - 0x00007ffe82eab000 	C:\Users\Administrator\.p2\pool\plugins\org.eclipse.justj.openjdk.hotspot.jre.full.win32.x86_64_17.0.8.v20230801-1951\jre\bin\management_ext.dll
0x00007ffe965b0000 - 0x00007ffe965b8000 	C:\Windows\System32\PSAPI.DLL
0x00007ffe83b20000 - 0x00007ffe83b37000 	C:\Windows\system32\napinsp.dll
0x00007ffe83b00000 - 0x00007ffe83b1b000 	C:\Windows\system32\pnrpnsp.dll
0x00007ffe83960000 - 0x00007ffe83975000 	C:\Windows\system32\wshbth.dll
0x00007ffe8f4e0000 - 0x00007ffe8f4fd000 	C:\Windows\system32\NLAapi.dll
0x00007ffe939b0000 - 0x00007ffe939eb000 	C:\Windows\SYSTEM32\IPHLPAPI.DLL
0x00007ffe939f0000 - 0x00007ffe93aba000 	C:\Windows\SYSTEM32\DNSAPI.dll
0x00007ffe95110000 - 0x00007ffe95118000 	C:\Windows\System32\NSI.dll
0x00007ffe83920000 - 0x00007ffe83932000 	C:\Windows\System32\winrnr.dll
0x00007ffe8c290000 - 0x00007ffe8c29a000 	C:\Windows\System32\rasadhlp.dll
0x00007ffe8dc30000 - 0x00007ffe8dcb0000 	C:\Windows\System32\fwpuclnt.dll
0x00007ffe94ee0000 - 0x00007ffe94f07000 	C:\Windows\System32\bcrypt.dll
0x00007ffe93eb0000 - 0x00007ffe93ec8000 	C:\Windows\SYSTEM32\CRYPTSP.dll
0x00007ffe93640000 - 0x00007ffe93674000 	C:\Windows\system32\rsaenh.dll
0x00007ffe944d0000 - 0x00007ffe944fe000 	C:\Windows\SYSTEM32\USERENV.dll
0x00007ffe93ed0000 - 0x00007ffe93edc000 	C:\Windows\SYSTEM32\CRYPTBASE.dll
0x00007ffe8e690000 - 0x00007ffe8e6a7000 	C:\Windows\SYSTEM32\dhcpcsvc6.DLL
0x00007ffe8eae0000 - 0x00007ffe8eafd000 	C:\Windows\SYSTEM32\dhcpcsvc.DLL
0x00007ffe88710000 - 0x00007ffe8871e000 	C:\Users\Administrator\.p2\pool\plugins\org.eclipse.justj.openjdk.hotspot.jre.full.win32.x86_64_17.0.8.v20230801-1951\jre\bin\sunmscapi.dll
0x00007ffe94b20000 - 0x00007ffe94c76000 	C:\Windows\System32\CRYPT32.dll
0x00007ffe93fd0000 - 0x00007ffe93ff7000 	C:\Windows\SYSTEM32\ncrypt.dll
0x00007ffe93f90000 - 0x00007ffe93fcb000 	C:\Windows\SYSTEM32\NTASN1.dll
0x00007ffe8f660000 - 0x00007ffe8f670000 	C:\Users\Administrator\.p2\pool\plugins\org.eclipse.justj.openjdk.hotspot.jre.full.win32.x86_64_17.0.8.v20230801-1951\jre\bin\verify.dll
0x00007ffe7cc00000 - 0x00007ffe7cc40000 	C:\Users\Administrator\AppData\Local\Temp\jna-146731693\jna8647347702377308198.dll
0x00007ffe8bcb0000 - 0x00007ffe8bcbc000 	C:\Windows\SYSTEM32\Secur32.dll
0x00007ffe94490000 - 0x00007ffe944c2000 	C:\Windows\SYSTEM32\SSPICLI.DLL
0x00007ffe93c30000 - 0x00007ffe93cba000 	C:\Windows\system32\msv1_0.DLL
0x00007ffe93c10000 - 0x00007ffe93c24000 	C:\Windows\SYSTEM32\NtlmShared.dll
0x00007ffe93d30000 - 0x00007ffe93d45000 	C:\Windows\SYSTEM32\cryptdll.dll
0x00007ffe8c8a0000 - 0x00007ffe8c8a7000 	C:\Windows\system32\wshunix.dll

dbghelp: loaded successfully - version: 4.0.5 - missing functions: none
symbol engine: initialized successfully - sym options: 0x614 - pdb path: .;C:\Users\Administrator\.p2\pool\plugins\org.eclipse.justj.openjdk.hotspot.jre.full.win32.x86_64_17.0.8.v20230801-1951\jre\bin;C:\Windows\SYSTEM32;C:\Windows\WinSxS\amd64_microsoft.windows.common-controls_6595b64144ccf1df_6.0.19041.1110_none_60b5254171f9507e;C:\Users\Administrator\.p2\pool\plugins\org.eclipse.justj.openjdk.hotspot.jre.full.win32.x86_64_17.0.8.v20230801-1951\jre\bin\server;C:\Users\Administrator\AppData\Local\Temp\jna-146731693

VM Arguments:
jvm_args: -Dcom.sun.management.jmxremote -Dcom.sun.management.jmxremote.port=53624 -Dcom.sun.management.jmxremote.authenticate=false -Dcom.sun.management.jmxremote.ssl=false -Djava.rmi.server.hostname=localhost -Dspring.jmx.enabled=true -Dmanagement.endpoints.jmx.exposure.include=* -Dspring.application.admin.enabled=true -XX:TieredStopAtLevel=1 -Dspring.boot.project.name=backend -Dfile.encoding=UTF-8 -XX:+ShowCodeDetailsInExceptionMessages 
java_command: com.wellsfargo.training.ppb.PrestigePrimeBankApplication --spring.output.ansi.enabled=always
java_class_path (initial): C:\Users\Administrator\Desktop\PrestigePrimeBank\backend\target\classes;C:\Users\Administrator\.m2\repository\org\springframework\boot\spring-boot-starter-data-jpa\3.1.3\spring-boot-starter-data-jpa-3.1.3.jar;C:\Users\Administrator\.m2\repository\org\springframework\boot\spring-boot-starter-aop\3.1.3\spring-boot-starter-aop-3.1.3.jar;C:\Users\Administrator\.m2\repository\org\springframework\spring-aop\6.0.11\spring-aop-6.0.11.jar;C:\Users\Administrator\.m2\repository\org\aspectj\aspectjweaver\1.9.20\aspectjweaver-1.9.20.jar;C:\Users\Administrator\.m2\repository\org\springframework\boot\spring-boot-starter-jdbc\3.1.3\spring-boot-starter-jdbc-3.1.3.jar;C:\Users\Administrator\.m2\repository\com\zaxxer\HikariCP\5.0.1\HikariCP-5.0.1.jar;C:\Users\Administrator\.m2\repository\org\springframework\spring-jdbc\6.0.11\spring-jdbc-6.0.11.jar;C:\Users\Administrator\.m2\repository\org\hibernate\orm\hibernate-core\6.2.7.Final\hibernate-core-6.2.7.Final.jar;C:\Users\Administrator\.m2\repository\jakarta\persistence\jakarta.persistence-api\3.1.0\jakarta.persistence-api-3.1.0.jar;C:\Users\Administrator\.m2\repository\jakarta\transaction\jakarta.transaction-api\2.0.1\jakarta.transaction-api-2.0.1.jar;C:\Users\Administrator\.m2\repository\org\jboss\logging\jboss-logging\3.5.3.Final\jboss-logging-3.5.3.Final.jar;C:\Users\Administrator\.m2\repository\org\hibernate\common\hibernate-commons-annotations\6.0.6.Final\hibernate-commons-annotations-6.0.6.Final.jar;C:\Users\Administrator\.m2\repository\io\smallrye\jandex\3.0.5\jandex-3.0.5.jar;C:\Users\Administrator\.m2\repository\com\fasterxml\classmate\1.5.1\classmate-1.5.1.jar;C:\Users\Administrator\.m2\repository\net\bytebuddy\byte-buddy\1.14.6\byte-buddy-1.14.6.jar;C:\Users\Administrator\.m2\repository\org\glassfish\jaxb\jaxb-runtime\4.0.3\jaxb-runtime-4.0.3.jar;C:\Users\Administrator\.m2\repository\org\glassfish\jaxb\jaxb-core\4.0.3\jaxb-core-4.0.3.jar;C:\Users\Administrator\.m2\repository\org\eclipse\angus\angu
Launcher Type: SUN_STANDARD

[Global flags]
     intx CICompilerCount                          = 2                                         {product} {ergonomic}
     uint ConcGCThreads                            = 1                                         {product} {ergonomic}
     uint G1ConcRefinementThreads                  = 2                                         {product} {ergonomic}
   size_t G1HeapRegionSize                         = 1048576                                   {product} {ergonomic}
    uintx GCDrainStackTargetSize                   = 64                                        {product} {ergonomic}
   size_t InitialHeapSize                          = 134217728                                 {product} {ergonomic}
     bool ManagementServer                         = true                                      {product} {command line}
   size_t MarkStackSize                            = 4194304                                   {product} {ergonomic}
   size_t MaxHeapSize                              = 2147483648                                {product} {ergonomic}
   size_t MaxNewSize                               = 1287651328                                {product} {ergonomic}
   size_t MinHeapDeltaBytes                        = 1048576                                   {product} {ergonomic}
   size_t MinHeapSize                              = 8388608                                   {product} {ergonomic}
    uintx NonProfiledCodeHeapSize                  = 0                                      {pd product} {ergonomic}
     bool ProfileInterpreter                       = false                                  {pd product} {command line}
    uintx ProfiledCodeHeapSize                     = 0                                      {pd product} {ergonomic}
     bool ShowCodeDetailsInExceptionMessages       = true                                   {manageable} {command line}
   size_t SoftMaxHeapSize                          = 2147483648                             {manageable} {ergonomic}
     intx TieredStopAtLevel                        = 1                                         {product} {command line}
     bool UseCompressedClassPointers               = true                           {product lp64_product} {ergonomic}
     bool UseCompressedOops                        = true                           {product lp64_product} {ergonomic}
     bool UseG1GC                                  = true                                      {product} {ergonomic}
     bool UseLargePagesIndividualAllocation        = false                                  {pd product} {ergonomic}

Logging:
Log output configuration:
 #0: stdout all=warning uptime,level,tags
 #1: stderr all=off uptime,level,tags

Environment Variables:
PATH=C:/Users/Administrator/.p2/pool/plugins/org.eclipse.justj.openjdk.hotspot.jre.full.win32.x86_64_17.0.8.v20230801-1951/jre/bin/server;C:/Users/Administrator/.p2/pool/plugins/org.eclipse.justj.openjdk.hotspot.jre.full.win32.x86_64_17.0.8.v20230801-1951/jre/bin;C:\Program Files\Common Files\Oracle\Java\javapath;C:\Windows\system32;C:\Windows;C:\Windows\System32\Wbem;C:\Windows\System32\WindowsPowerShell\v1.0\;C:\Windows\System32\OpenSSH\;C:\Program Files\PuTTY\;C:\Program Files\Git\cmd;C:\Program Files\nodejs\;C:\Users\Administrator\AppData\Local\Microsoft\WindowsApps;;C:\Users\Administrator\AppData\Local\Programs\Microsoft VS Code\bin;C:\Users\Administrator\AppData\Roaming\npm;C:\Users\Administrator\Desktop;
USERNAME=Administrator
OS=Windows_NT
PROCESSOR_IDENTIFIER=Intel64 Family 6 Model 63 Stepping 2, GenuineIntel
TMP=C:\Users\ADMINI~1\AppData\Local\Temp
TEMP=C:\Users\ADMINI~1\AppData\Local\Temp



---------------  S Y S T E M  ---------------

OS:
 Windows 10 , 64 bit Build 19041 (10.0.19041.1889)
OS uptime: 1 days 4:19 hours

CPU: total 2 (initial active 2) (1 cores per cpu, 1 threads per core) family 6 model 63 stepping 2 microcode 0x46, cx8, cmov, fxsr, mmx, sse, sse2, sse3, ssse3, sse4.1, sse4.2, popcnt, lzcnt, tsc, tscinvbit, avx, avx2, aes, erms, clmul, bmi1, bmi2, fma, vzeroupper, clflush
Processor Information for all 2 processors :
  Max Mhz: 2300, Current Mhz: 2300, Mhz Limit: 2300

Memory: 4k page, system-wide physical 8191M (131M free)
TotalPageFile size 20735M (AvailPageFile size 0M)
current process WorkingSet (physical memory assigned to process): 258M, peak: 337M
current process commit charge ("private bytes"): 279M, peak: 461M

vm_info: OpenJDK 64-Bit Server VM (17.0.8+7) for windows-amd64 JRE (17.0.8+7), built on Jul 18 2023 21:02:32 by "admin" with MS VC++ 16.7 (VS2019)

END.
